2022-05-19 12:08:18,076 INFO org.springframework.boot.StartupInfoLogger [main] Starting MactAssesmentApplication using Java 17.0.1 on decoders-HP-EliteDesk-800-G2-DM-35W with PID 16721 (/home/jeeva/Documents/MACT/MACTAssesment/target/classes started by jeeva in /home/jeeva/Documents/MACT/MACTAssesment)
2022-05-19 12:08:18,079 INFO org.springframework.boot.SpringApplication [main] No active profile set, falling back to 1 default profile: "default"
2022-05-19 12:08:19,667 INFO org.springframework.data.repository.config.RepositoryConfigurationDelegate [main] Multiple Spring Data modules found, entering strict repository configuration mode!
2022-05-19 12:08:19,671 INFO org.springframework.data.repository.config.RepositoryConfigurationDelegate [main] Bootstrapping Spring Data JPA repositories in DEFAULT mode.
2022-05-19 12:08:19,704 INFO org.springframework.data.repository.config.RepositoryConfigurationExtensionSupport [main] Spring Data JPA - Could not safely identify store assignment for repository candidate interface com.example.mactassesment.mongoRepository.AddressMongoRepo. If you want this repository to be a JPA repository, consider annotating your entities with one of these annotations: javax.persistence.Entity, javax.persistence.MappedSuperclass (preferred), or consider extending one of the following types with your repository: org.springframework.data.jpa.repository.JpaRepository.
2022-05-19 12:08:19,705 INFO org.springframework.data.repository.config.RepositoryConfigurationExtensionSupport [main] Spring Data JPA - Could not safely identify store assignment for repository candidate interface com.example.mactassesment.mongoRepository.EmployeeMongoRepo. If you want this repository to be a JPA repository, consider annotating your entities with one of these annotations: javax.persistence.Entity, javax.persistence.MappedSuperclass (preferred), or consider extending one of the following types with your repository: org.springframework.data.jpa.repository.JpaRepository.
2022-05-19 12:08:19,707 INFO org.springframework.data.repository.config.RepositoryConfigurationExtensionSupport [main] Spring Data JPA - Could not safely identify store assignment for repository candidate interface com.example.mactassesment.mongoRepository.PersonMongoRepo. If you want this repository to be a JPA repository, consider annotating your entities with one of these annotations: javax.persistence.Entity, javax.persistence.MappedSuperclass (preferred), or consider extending one of the following types with your repository: org.springframework.data.jpa.repository.JpaRepository.
2022-05-19 12:08:19,827 INFO org.springframework.data.repository.config.RepositoryConfigurationDelegate [main] Finished Spring Data repository scanning in 147 ms. Found 3 JPA repository interfaces.
2022-05-19 12:08:19,867 INFO org.springframework.data.repository.config.RepositoryConfigurationDelegate [main] Multiple Spring Data modules found, entering strict repository configuration mode!
2022-05-19 12:08:19,868 INFO org.springframework.data.repository.config.RepositoryConfigurationDelegate [main] Bootstrapping Spring Data Reactive MongoDB repositories in DEFAULT mode.
2022-05-19 12:08:19,874 INFO org.springframework.data.repository.config.RepositoryConfigurationExtensionSupport [main] Spring Data Reactive MongoDB - Could not safely identify store assignment for repository candidate interface com.example.mactassesment.repository.AddressRepository. If you want this repository to be a Reactive MongoDB repository, consider annotating your entities with one of these annotations: org.springframework.data.mongodb.core.mapping.Document (preferred), or consider extending one of the following types with your repository: org.springframework.data.mongodb.repository.ReactiveMongoRepository.
2022-05-19 12:08:19,875 INFO org.springframework.data.repository.config.RepositoryConfigurationExtensionSupport [main] Spring Data Reactive MongoDB - Could not safely identify store assignment for repository candidate interface com.example.mactassesment.repository.EmployeeRepository. If you want this repository to be a Reactive MongoDB repository, consider annotating your entities with one of these annotations: org.springframework.data.mongodb.core.mapping.Document (preferred), or consider extending one of the following types with your repository: org.springframework.data.mongodb.repository.ReactiveMongoRepository.
2022-05-19 12:08:19,875 INFO org.springframework.data.repository.config.RepositoryConfigurationExtensionSupport [main] Spring Data Reactive MongoDB - Could not safely identify store assignment for repository candidate interface com.example.mactassesment.repository.PersonRepository. If you want this repository to be a Reactive MongoDB repository, consider annotating your entities with one of these annotations: org.springframework.data.mongodb.core.mapping.Document (preferred), or consider extending one of the following types with your repository: org.springframework.data.mongodb.repository.ReactiveMongoRepository.
2022-05-19 12:08:19,876 INFO org.springframework.data.repository.config.RepositoryConfigurationDelegate [main] Finished Spring Data repository scanning in 7 ms. Found 0 Reactive MongoDB repository interfaces.
2022-05-19 12:08:19,880 INFO org.springframework.data.repository.config.RepositoryConfigurationDelegate [main] Multiple Spring Data modules found, entering strict repository configuration mode!
2022-05-19 12:08:19,881 INFO org.springframework.data.repository.config.RepositoryConfigurationDelegate [main] Bootstrapping Spring Data MongoDB repositories in DEFAULT mode.
2022-05-19 12:08:19,884 INFO org.springframework.data.repository.config.RepositoryConfigurationExtensionSupport [main] Spring Data MongoDB - Could not safely identify store assignment for repository candidate interface com.example.mactassesment.repository.AddressRepository. If you want this repository to be a MongoDB repository, consider annotating your entities with one of these annotations: org.springframework.data.mongodb.core.mapping.Document (preferred), or consider extending one of the following types with your repository: org.springframework.data.mongodb.repository.MongoRepository.
2022-05-19 12:08:19,885 INFO org.springframework.data.repository.config.RepositoryConfigurationExtensionSupport [main] Spring Data MongoDB - Could not safely identify store assignment for repository candidate interface com.example.mactassesment.repository.EmployeeRepository. If you want this repository to be a MongoDB repository, consider annotating your entities with one of these annotations: org.springframework.data.mongodb.core.mapping.Document (preferred), or consider extending one of the following types with your repository: org.springframework.data.mongodb.repository.MongoRepository.
2022-05-19 12:08:19,885 INFO org.springframework.data.repository.config.RepositoryConfigurationExtensionSupport [main] Spring Data MongoDB - Could not safely identify store assignment for repository candidate interface com.example.mactassesment.repository.PersonRepository. If you want this repository to be a MongoDB repository, consider annotating your entities with one of these annotations: org.springframework.data.mongodb.core.mapping.Document (preferred), or consider extending one of the following types with your repository: org.springframework.data.mongodb.repository.MongoRepository.
2022-05-19 12:08:19,888 INFO org.springframework.data.repository.config.RepositoryConfigurationDelegate [main] Finished Spring Data repository scanning in 7 ms. Found 3 MongoDB repository interfaces.
2022-05-19 12:08:20,533 INFO org.springframework.boot.web.embedded.tomcat.TomcatWebServer [main] Tomcat initialized with port(s): 8080 (http)
2022-05-19 12:08:20,544 INFO org.apache.juli.logging.DirectJDKLog [main] Initializing ProtocolHandler ["http-nio-8080"]
2022-05-19 12:08:20,544 INFO org.apache.juli.logging.DirectJDKLog [main] Starting service [Tomcat]
2022-05-19 12:08:20,544 INFO org.apache.juli.logging.DirectJDKLog [main] Starting Servlet engine: [Apache Tomcat/9.0.62]
2022-05-19 12:08:20,720 INFO org.apache.juli.logging.DirectJDKLog [main] Initializing Spring embedded WebApplicationContext
2022-05-19 12:08:20,721 INFO org.springframework.boot.web.servlet.context.ServletWebServerApplicationContext [main] Root WebApplicationContext: initialization completed in 2459 ms
2022-05-19 12:08:20,840 INFO io.jaegertracing.Configuration [main] Initialized tracer=JaegerTracer(version=Java-1.1.0, serviceName=MatcAssessment, reporter=CompositeReporter(reporters=[RemoteReporter(sender=UdpSender(), closeEnqueueTimeout=1000), LoggingReporter(logger=Logger[io.jaegertracing.internal.reporters.LoggingReporter])]), sampler=ConstSampler(decision=true, tags={sampler.type=const, sampler.param=true}), tags={hostname=decoders-HP-EliteDesk-800-G2-DM-35W, jaeger.version=Java-1.1.0, ip=127.0.1.1}, zipkinSharedRpcSpan=false, expandExceptionLogs=false, useTraceId128Bit=false)
2022-05-19 12:08:20,850 INFO io.opentracing.contrib.spring.web.starter.ServerTracingAutoConfiguration [main] Creating FilterRegistrationBean bean with TracingFilter mapped to [], skip pattern is "/api-docs.*|/swagger.*|.*\.png|.*\.css|.*\.js|.*\.html|/favicon.ico|/hystrix.stream"
2022-05-19 12:08:21,122 INFO org.hibernate.jpa.internal.util.LogHelper [main] HHH000204: Processing PersistenceUnitInfo [name: default]
2022-05-19 12:08:21,183 INFO org.hibernate.Version [main] HHH000412: Hibernate ORM core version 5.6.8.Final
2022-05-19 12:08:21,365 INFO org.hibernate.annotations.common.reflection.java.JavaReflectionManager [main] HCANN000001: Hibernate Commons Annotations {5.1.2.Final}
2022-05-19 12:08:21,519 INFO com.zaxxer.hikari.HikariDataSource [main] HikariPool-1 - Starting...
2022-05-19 12:08:21,857 INFO com.zaxxer.hikari.HikariDataSource [main] HikariPool-1 - Start completed.
2022-05-19 12:08:21,885 INFO org.hibernate.dialect.Dialect [main] HHH000400: Using dialect: org.hibernate.dialect.MySQL8Dialect
2022-05-19 12:08:22,582 INFO org.hibernate.engine.transaction.jta.platform.internal.JtaPlatformInitiator [main] HHH000490: Using JtaPlatform implementation: [org.hibernate.engine.transaction.jta.platform.internal.NoJtaPlatform]
2022-05-19 12:08:22,589 INFO org.springframework.orm.jpa.AbstractEntityManagerFactoryBean [main] Initialized JPA EntityManagerFactory for persistence unit 'default'
2022-05-19 12:08:22,698 INFO com.mongodb.diagnostics.logging.SLF4JLogger [main] Cluster created with settings {hosts=[localhost:27017], mode=SINGLE, requiredClusterType=UNKNOWN, serverSelectionTimeout='30000 ms'}
2022-05-19 12:08:22,739 INFO com.mongodb.diagnostics.logging.SLF4JLogger [cluster-ClusterId{value='6285e5de93ec1e3717ccbb57', description='null'}-localhost:27017] Exception in monitor thread while connecting to server localhost:27017
com.mongodb.MongoSocketOpenException: Exception opening socket
	at com.mongodb.internal.connection.SocketStream.open(SocketStream.java:70)
	at com.mongodb.internal.connection.InternalStreamConnection.open(InternalStreamConnection.java:180)
	at com.mongodb.internal.connection.DefaultServerMonitor$ServerMonitorRunnable.lookupServerDescription(DefaultServerMonitor.java:188)
	at com.mongodb.internal.connection.DefaultServerMonitor$ServerMonitorRunnable.run(DefaultServerMonitor.java:152)
	at java.base/java.lang.Thread.run(Thread.java:833)
Caused by: java.net.ConnectException: Connection refused
	at java.base/sun.nio.ch.Net.pollConnect(Native Method)
	at java.base/sun.nio.ch.Net.pollConnectNow(Net.java:672)
	at java.base/sun.nio.ch.NioSocketImpl.timedFinishConnect(NioSocketImpl.java:542)
	at java.base/sun.nio.ch.NioSocketImpl.connect(NioSocketImpl.java:597)
	at java.base/java.net.SocksSocketImpl.connect(SocksSocketImpl.java:327)
	at java.base/java.net.Socket.connect(Socket.java:633)
	at com.mongodb.internal.connection.SocketStreamHelper.initialize(SocketStreamHelper.java:107)
	at com.mongodb.internal.connection.SocketStream.initializeSocket(SocketStream.java:79)
	at com.mongodb.internal.connection.SocketStream.open(SocketStream.java:65)
	... 4 common frames omitted
2022-05-19 12:08:23,104 INFO io.opentracing.contrib.spring.web.starter.ServerTracingAutoConfiguration [main] Creating WebMvcConfigurer bean with class io.opentracing.contrib.spring.web.interceptor.TracingHandlerInterceptor
2022-05-19 12:08:23,107 WARN org.springframework.boot.autoconfigure.orm.jpa.JpaBaseConfiguration$JpaWebConfiguration [main] spring.jpa.open-in-view is enabled by default. Therefore, database queries may be performed during view rendering. Explicitly configure spring.jpa.open-in-view to disable this warning
2022-05-19 12:08:23,873 INFO org.springframework.security.web.DefaultSecurityFilterChain [main] Will secure any request with [org.springframework.security.web.context.request.async.WebAsyncManagerIntegrationFilter@591cda84, org.springframework.security.web.context.SecurityContextPersistenceFilter@27879518, org.springframework.security.web.header.HeaderWriterFilter@1be15455, org.springframework.security.web.authentication.logout.LogoutFilter@16817bad, com.example.mactassesment.config.JwtRequestFilter@4c2c44e8, org.springframework.security.web.savedrequest.RequestCacheAwareFilter@5afbbf9b, org.springframework.security.web.servletapi.SecurityContextHolderAwareRequestFilter@1a5ea4cf, org.springframework.security.web.authentication.AnonymousAuthenticationFilter@4c954b79, org.springframework.security.web.session.SessionManagementFilter@7baf7a9d, org.springframework.security.web.access.ExceptionTranslationFilter@10f64bc3, org.springframework.security.web.access.intercept.FilterSecurityInterceptor@4fe87cb9]
2022-05-19 12:08:24,115 INFO com.mongodb.diagnostics.logging.SLF4JLogger [main] Cluster created with settings {hosts=[localhost:27017], mode=SINGLE, requiredClusterType=UNKNOWN, serverSelectionTimeout='30000 ms'}
2022-05-19 12:08:24,127 INFO com.mongodb.diagnostics.logging.SLF4JLogger [cluster-ClusterId{value='6285e5e093ec1e3717ccbb58', description='null'}-localhost:27017] Exception in monitor thread while connecting to server localhost:27017
com.mongodb.MongoSocketOpenException: Exception opening socket
	at com.mongodb.internal.connection.AsynchronousSocketChannelStream$OpenCompletionHandler.failed(AsynchronousSocketChannelStream.java:124)
	at java.base/sun.nio.ch.Invoker.invokeUnchecked(Invoker.java:131)
	at java.base/sun.nio.ch.Invoker$2.run(Invoker.java:221)
	at java.base/sun.nio.ch.AsynchronousChannelGroupImpl$1.run(AsynchronousChannelGroupImpl.java:113)
	at java.base/java.util.concurrent.ThreadPoolExecutor.runWorker(ThreadPoolExecutor.java:1136)
	at java.base/java.util.concurrent.ThreadPoolExecutor$Worker.run(ThreadPoolExecutor.java:635)
	at java.base/java.lang.Thread.run(Thread.java:833)
Caused by: java.net.ConnectException: Connection refused
	at java.base/sun.nio.ch.UnixAsynchronousSocketChannelImpl.checkConnect(Native Method)
	at java.base/sun.nio.ch.UnixAsynchronousSocketChannelImpl.finishConnect(UnixAsynchronousSocketChannelImpl.java:256)
	at java.base/sun.nio.ch.UnixAsynchronousSocketChannelImpl.finish(UnixAsynchronousSocketChannelImpl.java:202)
	at java.base/sun.nio.ch.UnixAsynchronousSocketChannelImpl.onEvent(UnixAsynchronousSocketChannelImpl.java:217)
	at java.base/sun.nio.ch.EPollPort$EventHandlerTask.run(EPollPort.java:306)
	... 1 common frames omitted
2022-05-19 12:08:24,257 INFO org.apache.juli.logging.DirectJDKLog [main] Starting ProtocolHandler ["http-nio-8080"]
2022-05-19 12:08:24,270 INFO org.springframework.boot.web.embedded.tomcat.TomcatWebServer [main] Tomcat started on port(s): 8080 (http) with context path ''
2022-05-19 12:08:24,576 INFO org.springframework.boot.StartupInfoLogger [main] Started MactAssesmentApplication in 7.055 seconds (JVM running for 7.759)
2022-05-19 12:14:43,701 INFO org.springframework.orm.jpa.AbstractEntityManagerFactoryBean [SpringApplicationShutdownHook] Closing JPA EntityManagerFactory for persistence unit 'default'
2022-05-19 12:14:43,703 INFO com.zaxxer.hikari.HikariDataSource [SpringApplicationShutdownHook] HikariPool-1 - Shutdown initiated...
2022-05-19 12:14:43,714 INFO com.zaxxer.hikari.HikariDataSource [SpringApplicationShutdownHook] HikariPool-1 - Shutdown completed.
2022-05-19 12:36:25,659 INFO org.springframework.test.context.support.AbstractTestContextBootstrapper [main] Neither @ContextConfiguration nor @ContextHierarchy found for test class [com.example.mactassesment.MactAssesmentApplicationTests], using SpringBootContextLoader
2022-05-19 12:36:25,667 INFO org.springframework.test.context.support.AbstractContextLoader [main] Could not detect default resource locations for test class [com.example.mactassesment.MactAssesmentApplicationTests]: no resource found for suffixes {-context.xml, Context.groovy}.
2022-05-19 12:36:25,931 INFO org.springframework.test.context.support.AbstractTestContextBootstrapper [main] Loaded default TestExecutionListener class names from location [META-INF/spring.factories]: [org.springframework.boot.test.mock.mockito.MockitoTestExecutionListener, org.springframework.boot.test.mock.mockito.ResetMocksTestExecutionListener, org.springframework.boot.test.autoconfigure.restdocs.RestDocsTestExecutionListener, org.springframework.boot.test.autoconfigure.web.client.MockRestServiceServerResetTestExecutionListener, org.springframework.boot.test.autoconfigure.web.servlet.MockMvcPrintOnlyOnFailureTestExecutionListener, org.springframework.boot.test.autoconfigure.web.servlet.WebDriverTestExecutionListener, org.springframework.boot.test.autoconfigure.webservices.client.MockWebServiceServerTestExecutionListener, org.springframework.test.context.web.ServletTestExecutionListener, org.springframework.test.context.support.DirtiesContextBeforeModesTestExecutionListener, org.springframework.test.context.event.ApplicationEventsTestExecutionListener, org.springframework.test.context.support.DependencyInjectionTestExecutionListener, org.springframework.test.context.support.DirtiesContextTestExecutionListener, org.springframework.test.context.transaction.TransactionalTestExecutionListener, org.springframework.test.context.jdbc.SqlScriptsTestExecutionListener, org.springframework.test.context.event.EventPublishingTestExecutionListener]
2022-05-19 12:36:25,969 INFO org.springframework.test.context.support.AbstractTestContextBootstrapper [main] Using TestExecutionListeners: [org.springframework.test.context.web.ServletTestExecutionListener@5400db36, org.springframework.test.context.support.DirtiesContextBeforeModesTestExecutionListener@76b74e9c, org.springframework.test.context.event.ApplicationEventsTestExecutionListener@2d72f75e, org.springframework.boot.test.mock.mockito.MockitoTestExecutionListener@8ab78bc, org.springframework.boot.test.autoconfigure.SpringBootDependencyInjectionTestExecutionListener@5aa0dbf4, org.springframework.test.context.support.DirtiesContextTestExecutionListener@16afbd92, org.springframework.test.context.transaction.TransactionalTestExecutionListener@2c5d601e, org.springframework.test.context.jdbc.SqlScriptsTestExecutionListener@7fe083b1, org.springframework.test.context.event.EventPublishingTestExecutionListener@23c388c2, org.springframework.boot.test.mock.mockito.ResetMocksTestExecutionListener@486be205, org.springframework.boot.test.autoconfigure.restdocs.RestDocsTestExecutionListener@f713686, org.springframework.boot.test.autoconfigure.web.client.MockRestServiceServerResetTestExecutionListener@74f7d1d2, org.springframework.boot.test.autoconfigure.web.servlet.MockMvcPrintOnlyOnFailureTestExecutionListener@4b4dd216, org.springframework.boot.test.autoconfigure.web.servlet.WebDriverTestExecutionListener@5ca17ab0, org.springframework.boot.test.autoconfigure.webservices.client.MockWebServiceServerTestExecutionListener@5a62b2a4]
2022-05-19 12:36:26,612 INFO org.springframework.boot.StartupInfoLogger [main] Starting MactAssesmentApplicationTests using Java 17.0.1 on decoders-HP-EliteDesk-800-G2-DM-35W with PID 20538 (started by jeeva in /home/jeeva/Documents/MACT/MACTAssesment)
2022-05-19 12:36:26,621 INFO org.springframework.boot.SpringApplication [main] No active profile set, falling back to 1 default profile: "default"
2022-05-19 12:36:27,846 INFO org.springframework.data.repository.config.RepositoryConfigurationDelegate [main] Multiple Spring Data modules found, entering strict repository configuration mode!
2022-05-19 12:36:27,848 INFO org.springframework.data.repository.config.RepositoryConfigurationDelegate [main] Bootstrapping Spring Data JPA repositories in DEFAULT mode.
2022-05-19 12:36:27,890 INFO org.springframework.data.repository.config.RepositoryConfigurationExtensionSupport [main] Spring Data JPA - Could not safely identify store assignment for repository candidate interface com.example.mactassesment.mongoRepository.AddressMongoRepo. If you want this repository to be a JPA repository, consider annotating your entities with one of these annotations: javax.persistence.Entity, javax.persistence.MappedSuperclass (preferred), or consider extending one of the following types with your repository: org.springframework.data.jpa.repository.JpaRepository.
2022-05-19 12:36:27,899 INFO org.springframework.data.repository.config.RepositoryConfigurationExtensionSupport [main] Spring Data JPA - Could not safely identify store assignment for repository candidate interface com.example.mactassesment.mongoRepository.EmployeeMongoRepo. If you want this repository to be a JPA repository, consider annotating your entities with one of these annotations: javax.persistence.Entity, javax.persistence.MappedSuperclass (preferred), or consider extending one of the following types with your repository: org.springframework.data.jpa.repository.JpaRepository.
2022-05-19 12:36:27,903 INFO org.springframework.data.repository.config.RepositoryConfigurationExtensionSupport [main] Spring Data JPA - Could not safely identify store assignment for repository candidate interface com.example.mactassesment.mongoRepository.PersonMongoRepo. If you want this repository to be a JPA repository, consider annotating your entities with one of these annotations: javax.persistence.Entity, javax.persistence.MappedSuperclass (preferred), or consider extending one of the following types with your repository: org.springframework.data.jpa.repository.JpaRepository.
2022-05-19 12:36:28,098 INFO org.springframework.data.repository.config.RepositoryConfigurationDelegate [main] Finished Spring Data repository scanning in 240 ms. Found 3 JPA repository interfaces.
2022-05-19 12:36:28,171 INFO org.springframework.data.repository.config.RepositoryConfigurationDelegate [main] Multiple Spring Data modules found, entering strict repository configuration mode!
2022-05-19 12:36:28,172 INFO org.springframework.data.repository.config.RepositoryConfigurationDelegate [main] Bootstrapping Spring Data Reactive MongoDB repositories in DEFAULT mode.
2022-05-19 12:36:28,184 INFO org.springframework.data.repository.config.RepositoryConfigurationExtensionSupport [main] Spring Data Reactive MongoDB - Could not safely identify store assignment for repository candidate interface com.example.mactassesment.repository.AddressRepository. If you want this repository to be a Reactive MongoDB repository, consider annotating your entities with one of these annotations: org.springframework.data.mongodb.core.mapping.Document (preferred), or consider extending one of the following types with your repository: org.springframework.data.mongodb.repository.ReactiveMongoRepository.
2022-05-19 12:36:28,185 INFO org.springframework.data.repository.config.RepositoryConfigurationExtensionSupport [main] Spring Data Reactive MongoDB - Could not safely identify store assignment for repository candidate interface com.example.mactassesment.repository.EmployeeRepository. If you want this repository to be a Reactive MongoDB repository, consider annotating your entities with one of these annotations: org.springframework.data.mongodb.core.mapping.Document (preferred), or consider extending one of the following types with your repository: org.springframework.data.mongodb.repository.ReactiveMongoRepository.
2022-05-19 12:36:28,186 INFO org.springframework.data.repository.config.RepositoryConfigurationExtensionSupport [main] Spring Data Reactive MongoDB - Could not safely identify store assignment for repository candidate interface com.example.mactassesment.repository.PersonRepository. If you want this repository to be a Reactive MongoDB repository, consider annotating your entities with one of these annotations: org.springframework.data.mongodb.core.mapping.Document (preferred), or consider extending one of the following types with your repository: org.springframework.data.mongodb.repository.ReactiveMongoRepository.
2022-05-19 12:36:28,187 INFO org.springframework.data.repository.config.RepositoryConfigurationDelegate [main] Finished Spring Data repository scanning in 14 ms. Found 0 Reactive MongoDB repository interfaces.
2022-05-19 12:36:28,194 INFO org.springframework.data.repository.config.RepositoryConfigurationDelegate [main] Multiple Spring Data modules found, entering strict repository configuration mode!
2022-05-19 12:36:28,195 INFO org.springframework.data.repository.config.RepositoryConfigurationDelegate [main] Bootstrapping Spring Data MongoDB repositories in DEFAULT mode.
2022-05-19 12:36:28,205 INFO org.springframework.data.repository.config.RepositoryConfigurationExtensionSupport [main] Spring Data MongoDB - Could not safely identify store assignment for repository candidate interface com.example.mactassesment.repository.AddressRepository. If you want this repository to be a MongoDB repository, consider annotating your entities with one of these annotations: org.springframework.data.mongodb.core.mapping.Document (preferred), or consider extending one of the following types with your repository: org.springframework.data.mongodb.repository.MongoRepository.
2022-05-19 12:36:28,206 INFO org.springframework.data.repository.config.RepositoryConfigurationExtensionSupport [main] Spring Data MongoDB - Could not safely identify store assignment for repository candidate interface com.example.mactassesment.repository.EmployeeRepository. If you want this repository to be a MongoDB repository, consider annotating your entities with one of these annotations: org.springframework.data.mongodb.core.mapping.Document (preferred), or consider extending one of the following types with your repository: org.springframework.data.mongodb.repository.MongoRepository.
2022-05-19 12:36:28,208 INFO org.springframework.data.repository.config.RepositoryConfigurationExtensionSupport [main] Spring Data MongoDB - Could not safely identify store assignment for repository candidate interface com.example.mactassesment.repository.PersonRepository. If you want this repository to be a MongoDB repository, consider annotating your entities with one of these annotations: org.springframework.data.mongodb.core.mapping.Document (preferred), or consider extending one of the following types with your repository: org.springframework.data.mongodb.repository.MongoRepository.
2022-05-19 12:36:28,217 INFO org.springframework.data.repository.config.RepositoryConfigurationDelegate [main] Finished Spring Data repository scanning in 21 ms. Found 3 MongoDB repository interfaces.
2022-05-19 12:36:28,998 INFO org.hibernate.jpa.internal.util.LogHelper [main] HHH000204: Processing PersistenceUnitInfo [name: default]
2022-05-19 12:36:29,039 INFO org.hibernate.Version [main] HHH000412: Hibernate ORM core version 5.6.8.Final
2022-05-19 12:36:29,176 INFO org.hibernate.annotations.common.reflection.java.JavaReflectionManager [main] HCANN000001: Hibernate Commons Annotations {5.1.2.Final}
2022-05-19 12:36:29,265 INFO com.zaxxer.hikari.HikariDataSource [main] HikariPool-1 - Starting...
2022-05-19 12:36:29,614 INFO com.zaxxer.hikari.HikariDataSource [main] HikariPool-1 - Start completed.
2022-05-19 12:36:29,639 INFO org.hibernate.dialect.Dialect [main] HHH000400: Using dialect: org.hibernate.dialect.MySQL8Dialect
2022-05-19 12:36:30,285 INFO org.hibernate.engine.transaction.jta.platform.internal.JtaPlatformInitiator [main] HHH000490: Using JtaPlatform implementation: [org.hibernate.engine.transaction.jta.platform.internal.NoJtaPlatform]
2022-05-19 12:36:30,292 INFO org.springframework.orm.jpa.AbstractEntityManagerFactoryBean [main] Initialized JPA EntityManagerFactory for persistence unit 'default'
2022-05-19 12:36:30,437 INFO com.mongodb.diagnostics.logging.SLF4JLogger [main] Cluster created with settings {hosts=[localhost:27017], mode=SINGLE, requiredClusterType=UNKNOWN, serverSelectionTimeout='30000 ms'}
2022-05-19 12:36:30,475 INFO com.mongodb.diagnostics.logging.SLF4JLogger [cluster-ClusterId{value='6285ec76172de007a41889b3', description='null'}-localhost:27017] Exception in monitor thread while connecting to server localhost:27017
com.mongodb.MongoSocketOpenException: Exception opening socket
	at com.mongodb.internal.connection.SocketStream.open(SocketStream.java:70)
	at com.mongodb.internal.connection.InternalStreamConnection.open(InternalStreamConnection.java:180)
	at com.mongodb.internal.connection.DefaultServerMonitor$ServerMonitorRunnable.lookupServerDescription(DefaultServerMonitor.java:188)
	at com.mongodb.internal.connection.DefaultServerMonitor$ServerMonitorRunnable.run(DefaultServerMonitor.java:152)
	at java.base/java.lang.Thread.run(Thread.java:833)
Caused by: java.net.ConnectException: Connection refused
	at java.base/sun.nio.ch.Net.pollConnect(Native Method)
	at java.base/sun.nio.ch.Net.pollConnectNow(Net.java:672)
	at java.base/sun.nio.ch.NioSocketImpl.timedFinishConnect(NioSocketImpl.java:542)
	at java.base/sun.nio.ch.NioSocketImpl.connect(NioSocketImpl.java:597)
	at java.base/java.net.SocksSocketImpl.connect(SocksSocketImpl.java:327)
	at java.base/java.net.Socket.connect(Socket.java:633)
	at com.mongodb.internal.connection.SocketStreamHelper.initialize(SocketStreamHelper.java:107)
	at com.mongodb.internal.connection.SocketStream.initializeSocket(SocketStream.java:79)
	at com.mongodb.internal.connection.SocketStream.open(SocketStream.java:65)
	... 4 common frames omitted
2022-05-19 12:36:31,149 INFO io.jaegertracing.Configuration [main] Initialized tracer=JaegerTracer(version=Java-1.1.0, serviceName=MatcAssessment, reporter=CompositeReporter(reporters=[RemoteReporter(sender=UdpSender(), closeEnqueueTimeout=1000), LoggingReporter(logger=Logger[io.jaegertracing.internal.reporters.LoggingReporter])]), sampler=ConstSampler(decision=true, tags={sampler.type=const, sampler.param=true}), tags={hostname=decoders-HP-EliteDesk-800-G2-DM-35W, jaeger.version=Java-1.1.0, ip=127.0.1.1}, zipkinSharedRpcSpan=false, expandExceptionLogs=false, useTraceId128Bit=false)
2022-05-19 12:36:31,156 INFO io.opentracing.contrib.spring.web.starter.ServerTracingAutoConfiguration [main] Creating WebMvcConfigurer bean with class io.opentracing.contrib.spring.web.interceptor.TracingHandlerInterceptor
2022-05-19 12:36:31,162 WARN org.springframework.boot.autoconfigure.orm.jpa.JpaBaseConfiguration$JpaWebConfiguration [main] spring.jpa.open-in-view is enabled by default. Therefore, database queries may be performed during view rendering. Explicitly configure spring.jpa.open-in-view to disable this warning
2022-05-19 12:36:32,149 INFO org.springframework.security.web.DefaultSecurityFilterChain [main] Will secure any request with [org.springframework.security.web.context.request.async.WebAsyncManagerIntegrationFilter@2fedfff1, org.springframework.security.web.context.SecurityContextPersistenceFilter@7011eee0, org.springframework.security.web.header.HeaderWriterFilter@10fa270e, org.springframework.security.web.authentication.logout.LogoutFilter@33224703, com.example.mactassesment.config.JwtRequestFilter@56f569e, org.springframework.security.web.savedrequest.RequestCacheAwareFilter@5beda06e, org.springframework.security.web.servletapi.SecurityContextHolderAwareRequestFilter@17da6e45, org.springframework.security.web.authentication.AnonymousAuthenticationFilter@34db5935, org.springframework.security.web.session.SessionManagementFilter@6fc9c0cc, org.springframework.security.web.access.ExceptionTranslationFilter@3ca43e5d, org.springframework.security.web.access.intercept.FilterSecurityInterceptor@a49995f]
2022-05-19 12:36:32,663 INFO io.opentracing.contrib.spring.web.starter.ServerTracingAutoConfiguration [main] Creating FilterRegistrationBean bean with TracingFilter mapped to [], skip pattern is "/api-docs.*|/swagger.*|.*\.png|.*\.css|.*\.js|.*\.html|/favicon.ico|/hystrix.stream"
2022-05-19 12:36:32,720 INFO com.mongodb.diagnostics.logging.SLF4JLogger [main] Cluster created with settings {hosts=[localhost:27017], mode=SINGLE, requiredClusterType=UNKNOWN, serverSelectionTimeout='30000 ms'}
2022-05-19 12:36:32,735 INFO com.mongodb.diagnostics.logging.SLF4JLogger [cluster-ClusterId{value='6285ec78172de007a41889b4', description='null'}-localhost:27017] Exception in monitor thread while connecting to server localhost:27017
com.mongodb.MongoSocketOpenException: Exception opening socket
	at com.mongodb.internal.connection.AsynchronousSocketChannelStream$OpenCompletionHandler.failed(AsynchronousSocketChannelStream.java:124)
	at java.base/sun.nio.ch.Invoker.invokeUnchecked(Invoker.java:131)
	at java.base/sun.nio.ch.UnixAsynchronousSocketChannelImpl.finishConnect(UnixAsynchronousSocketChannelImpl.java:287)
	at java.base/sun.nio.ch.UnixAsynchronousSocketChannelImpl.finish(UnixAsynchronousSocketChannelImpl.java:202)
	at java.base/sun.nio.ch.UnixAsynchronousSocketChannelImpl.onEvent(UnixAsynchronousSocketChannelImpl.java:217)
	at java.base/sun.nio.ch.EPollPort$EventHandlerTask.run(EPollPort.java:306)
	at java.base/sun.nio.ch.AsynchronousChannelGroupImpl$1.run(AsynchronousChannelGroupImpl.java:113)
	at java.base/java.util.concurrent.ThreadPoolExecutor.runWorker(ThreadPoolExecutor.java:1136)
	at java.base/java.util.concurrent.ThreadPoolExecutor$Worker.run(ThreadPoolExecutor.java:635)
	at java.base/java.lang.Thread.run(Thread.java:833)
Caused by: java.net.ConnectException: Connection refused
	at java.base/sun.nio.ch.UnixAsynchronousSocketChannelImpl.checkConnect(Native Method)
	at java.base/sun.nio.ch.UnixAsynchronousSocketChannelImpl.finishConnect(UnixAsynchronousSocketChannelImpl.java:256)
	... 7 common frames omitted
2022-05-19 12:36:33,237 INFO org.springframework.boot.StartupInfoLogger [main] Started MactAssesmentApplicationTests in 7.183 seconds (JVM running for 8.834)
2022-05-19 12:36:33,822 INFO org.springframework.orm.jpa.AbstractEntityManagerFactoryBean [SpringApplicationShutdownHook] Closing JPA EntityManagerFactory for persistence unit 'default'
2022-05-19 12:36:33,824 INFO com.zaxxer.hikari.HikariDataSource [SpringApplicationShutdownHook] HikariPool-1 - Shutdown initiated...
2022-05-19 12:36:33,833 INFO com.zaxxer.hikari.HikariDataSource [SpringApplicationShutdownHook] HikariPool-1 - Shutdown completed.
